[Sat May 04 10:43:19.498866 2019] [mpm_winnt:notice] [pid 2856:tid 572] AH00455: Apache/2.4.35 (Win64) OpenSSL/1.1.0i PHP/7.2.11 configured -- resuming normal operations
[Sat May 04 10:43:19.498866 2019] [mpm_winnt:notice] [pid 2856:tid 572] AH00456: Apache Lounge VC15 Server built: Sep 19 2018 16:08:47
[Sat May 04 10:43:19.498866 2019] [core:notice] [pid 2856:tid 572] AH00094: Command line: 'D:\\laragon\\bin\\apache\\httpd-2.4.35-win64-VC15\\bin\\httpd -d D:/laragon/bin/apache/httpd-2.4.35-win64-VC15'
[Sat May 04 10:43:19.500860 2019] [mpm_winnt:notice] [pid 2856:tid 572] AH00418: Parent: Created child process 2240
Apache server restarting...
2019] [mpm_winnt:notice] [pid 2240:tid 716] AH00354: Child: Starting 64 worker threads.
[Sat May 04 12:07:07.367804 2019] [mpm_winnt:notice] [pid 2856:tid 572] AH00424: Parent: Received restart signal -- Restarting the server.
[Sat May 04 12:07:07.432632 2019] [mpm_winnt:notice] [pid 2856:tid 572] AH00455: Apache/2.4.35 (Win64) OpenSSL/1.1.0i PHP/7.2.11 configured -- resuming normal operations
[Sat May 04 12:07:07.432632 2019] [mpm_winnt:notice] [pid 2856:tid 572] AH00456: Apache Lounge VC15 Server built: Sep 19 2018 16:08:47
[Sat May 04 12:07:07.432632 2019] [core:notice] [pid 2856:tid 572] AH00094: Command line: 'D:\\laragon\\bin\\apache\\httpd-2.4.35-win64-VC15\\bin\\httpd -d D:/laragon/bin/apache/httpd-2.4.35-win64-VC15'
[Sat May 04 12:07:07.434643 2019] [mpm_winnt:notice] [pid 2856:tid 572] AH00418: Parent: Created child process 10000
[Sat May 04 12:07:08.369365 2019] [mpm_winnt:notice] [pid 10000:tid 684] AH00354: Child: Starting 64 worker threads.
[Sat May 04 12:07:09.369680 2019] [mpm_winnt:notice] [pid 2240:tid 716] AH00364: Child: All worker threads have exited.
[Sat May 04 23:04:13.310918 2019] [core:warn] [pid 14236:tid 512] AH00098: pid file D:/laragon/bin/apache/httpd-2.4.35-win64-VC15/logs/httpd.pid overwritten -- Unclean shutdown of previous Apache run?
[Sat May 04 23:04:13.430459 2019] [mpm_winnt:notice] [pid 14236:tid 512] AH00455: Apache/2.4.35 (Win64) OpenSSL/1.1.0i PHP/7.2.11 configured -- resuming normal operations
[Sat May 04 23:04:13.430459 2019] [mpm_winnt:notice] [pid 14236:tid 512] AH00456: Apache Lounge VC15 Server built: Sep 19 2018 16:08:47
[Sat May 04 23:04:13.430459 2019] [core:notice] [pid 14236:tid 512] AH00094: Command line: 'D:\\laragon\\bin\\apache\\httpd-2.4.35-win64-VC15\\bin\\httpd -d D:/laragon/bin/apache/httpd-2.4.35-win64-VC15'
[Sat May 04 23:04:13.432454 2019] [mpm_winnt:notice] [pid 14236:tid 512] AH00418: Parent: Created child process 6576
[Sat May 04 23:04:14.103314 2019] [mpm_winnt:notice] [pid 6576:tid 680] AH00354: Child: Starting 64 worker threads.
[Fri May 17 21:45:46.978822 2019] [core:warn] [pid 7424:tid 656] AH00098: pid file D:/laragon/bin/apache/httpd-2.4.35-win64-VC15/logs/httpd.pid overwritten -- Unclean shutdown of previous Apache run?
[Fri May 17 21:45:47.000591 2019] [mpm_winnt:notice] [pid 7424:tid 656] AH00455: Apache/2.4.35 (Win64) OpenSSL/1.1.0i PHP/7.2.11 configured -- resuming normal operations
[Fri May 17 21:45:47.000591 2019] [mpm_winnt:notice] [pid 7424:tid 656] AH00456: Apache Lounge VC15 Server built: Sep 19 2018 16:08:47
[Fri May 17 21:45:47.000591 2019] [core:notice] [pid 7424:tid 656] AH00094: Command line: 'D:\\laragon\\bin\\apache\\httpd-2.4.35-win64-VC15\\bin\\httpd -d D:/laragon/bin/apache/httpd-2.4.35-win64-VC15'
[Fri May 17 21:45:47.001588 2019] [mpm_winnt:notice] [pid 7424:tid 656] AH00418: Parent: Created child process 3460
Apache server interrupted...
019] [mpm_winnt:notice] [pid 3460:tid 692] AH00354: Child: Starting 64 worker threads.
[Fri May 17 23:45:51.955493 2019] [mpm_winnt:notice] [pid 7424:tid 656] AH00422: Parent: Received shutdown signal -- Shutting down the server.
[Fri May 17 23:45:53.958370 2019] [mpm_winnt:notice] [pid 3460:tid 692] AH00364: Child: All worker threads have exited.
[Sat May 18 09:38:59.052547 2019] [core:warn] [pid 8704:tid 164] AH00098: pid file D:/laragon/bin/apache/httpd-2.4.35-win64-VC15/logs/httpd.pid overwritten -- Unclean shutdown of previous Apache run?
[Sat May 18 09:38:59.155294 2019] [mpm_winnt:notice] [pid 8704:tid 164] AH00455: Apache/2.4.35 (Win64) OpenSSL/1.1.0i PHP/7.2.11 configured -- resuming normal operations
[Sat May 18 09:38:59.155294 2019] [mpm_winnt:notice] [pid 8704:tid 164] AH00456: Apache Lounge VC15 Server built: Sep 19 2018 16:08:47
[Sat May 18 09:38:59.155294 2019] [core:notice] [pid 8704:tid 164] AH00094: Command line: 'D:\\laragon\\bin\\apache\\httpd-2.4.35-win64-VC15\\bin\\httpd -d D:/laragon/bin/apache/httpd-2.4.35-win64-VC15'
[Sat May 18 09:38:59.156292 2019] [mpm_winnt:notice] [pid 8704:tid 164] AH00418: Parent: Created child process 1424
[Sat May 18 09:38:59.854353 2019] [mpm_winnt:notice] [pid 1424:tid 712] AH00354: Child: Starting 64 worker threads.
[Sat May 18 09:41:19.300314 2019] [core:warn] [pid 7024:tid 580] AH00098: pid file D:/laragon/bin/apache/httpd-2.4.35-win64-VC15/logs/httpd.pid overwritten -- Unclean shutdown of previous Apache run?
[Sat May 18 09:41:19.317269 2019] [mpm_winnt:notice] [pid 7024:tid 580] AH00455: Apache/2.4.35 (Win64) OpenSSL/1.1.0i PHP/7.2.11 configured -- resuming normal operations
[Sat May 18 09:41:19.317269 2019] [mpm_winnt:notice] [pid 7024:tid 580] AH00456: Apache Lounge VC15 Server built: Sep 19 2018 16:08:47
[Sat May 18 09:41:19.317269 2019] [core:notice] [pid 7024:tid 580] AH00094: Command line: 'D:\\laragon\\bin\\apache\\httpd-2.4.35-win64-VC15\\bin\\httpd -d D:/laragon/bin/apache/httpd-2.4.35-win64-VC15'
[Sat May 18 09:41:19.319263 2019] [mpm_winnt:notice] [pid 7024:tid 580] AH00418: Parent: Created child process 14248
[Sat May 18 09:41:19.820921 2019] [mpm_winnt:notice] [pid 14248:tid 708] AH00354: Child: Starting 64 worker threads.
[Sat May 18 15:05:58.953632 2019] [core:warn] [pid 13484:tid 636] AH00098: pid file D:/laragon/bin/apache/httpd-2.4.35-win64-VC15/logs/httpd.pid overwritten -- Unclean shutdown of previous Apache run?
[Sat May 18 15:05:58.971584 2019] [mpm_winnt:notice] [pid 13484:tid 636] AH00455: Apache/2.4.35 (Win64) OpenSSL/1.1.0i PHP/7.2.11 configured -- resuming normal operations
[Sat May 18 15:05:58.971584 2019] [mpm_winnt:notice] [pid 13484:tid 636] AH00456: Apache Lounge VC15 Server built: Sep 19 2018 16:08:47
[Sat May 18 15:05:58.971584 2019] [core:notice] [pid 13484:tid 636] AH00094: Command line: 'D:\\laragon\\bin\\apache\\httpd-2.4.35-win64-VC15\\bin\\httpd -d D:/laragon/bin/apache/httpd-2.4.35-win64-VC15'
[Sat May 18 15:05:58.972581 2019] [mpm_winnt:notice] [pid 13484:tid 636] AH00418: Parent: Created child process 13324
Apache server interrupted...
019] [mpm_winnt:notice] [pid 13324:tid 708] AH00354: Child: Starting 64 worker threads.
[Sat May 18 15:07:07.176599 2019] [mpm_winnt:notice] [pid 13484:tid 636] AH00422: Parent: Received shutdown signal -- Shutting down the server.
[Sat May 18 15:13:06.537106 2019] [core:warn] [pid 1064:tid 564] AH00098: pid file D:/laragon/bin/apache/httpd-2.4.35-win64-VC15/logs/httpd.pid overwritten -- Unclean shutdown of previous Apache run?
[Sat May 18 15:13:06.556056 2019] [mpm_winnt:notice] [pid 1064:tid 564] AH00455: Apache/2.4.35 (Win64) OpenSSL/1.1.0i PHP/7.2.11 configured -- resuming normal operations
[Sat May 18 15:13:06.556056 2019] [mpm_winnt:notice] [pid 1064:tid 564] AH00456: Apache Lounge VC15 Server built: Sep 19 2018 16:08:47
[Sat May 18 15:13:06.556056 2019] [core:notice] [pid 1064:tid 564] AH00094: Command line: 'D:\\laragon\\bin\\apache\\httpd-2.4.35-win64-VC15\\bin\\httpd -d D:/laragon/bin/apache/httpd-2.4.35-win64-VC15'
[Sat May 18 15:13:06.558060 2019] [mpm_winnt:notice] [pid 1064:tid 564] AH00418: Parent: Created child process 14608
[Sat May 18 15:13:07.404971 2019] [mpm_winnt:notice] [pid 14608:tid 708] AH00354: Child: Starting 64 worker threads.
